<?xml version="1.0" encoding="UTF-8"?>
<!-- Generated by org.testng.reporters.JUnitReportReporter -->
<testsuite hostname="LAPTOP-JV3PAF1O" name="Practice.Practice.Login" tests="1" failures="0" timestamp="13 Jan 2019 04:56:27 GMT" time="28.735" errors="0">
  <testcase name="login" time="28.735" classname="Practice.Practice.Login"/>
</testsuite> <!-- Practice.Practice.Login -->
